2025-01-14 16:41:30 [main] INFO  testCases.TC001_AccountRegistrationTest - ********Starting TC001_AccountRegistrationTest **********
2025-01-14 16:41:57 [main] INFO  testCases.TC001_AccountRegistrationTest - Clicked on Account button
2025-01-14 16:42:10 [main] INFO  testCases.TC001_AccountRegistrationTest - Account is created successfully
2025-01-14 16:42:10 [main] INFO  testCases.TC001_AccountRegistrationTest - ********Finished TC001_AccountRegistrationTest **********
2025-01-14 16:43:04 [main] INFO  testCases.TC001_AccountRegistrationTest - ********Starting TC001_AccountRegistrationTest **********
2025-01-14 16:43:25 [main] ERROR testCases.TC001_AccountRegistrationTest - Test failed
2025-01-14 16:44:33 [main] INFO  testCases.TC001_AccountRegistrationTest - ********Starting TC001_AccountRegistrationTest **********
2025-01-14 16:44:54 [main] ERROR testCases.TC001_AccountRegistrationTest - Test failed
2025-01-14 17:02:40 [main] INFO  testCases.TC001_AccountRegistrationTest - ********Starting TC001_AccountRegistrationTest **********
2025-01-14 17:03:14 [main] INFO  testCases.TC001_AccountRegistrationTest - Clicked on Account button
2025-01-14 17:03:27 [main] INFO  testCases.TC001_AccountRegistrationTest - Account is created successfully
2025-01-14 17:03:27 [main] INFO  testCases.TC001_AccountRegistrationTest - ********Finished TC001_AccountRegistrationTest **********
2025-01-14 17:07:19 [TestNG-tests-1] INFO  testCases.TC001_AccountRegistrationTest - ********Starting TC001_AccountRegistrationTest **********
2025-01-14 17:07:20 [TestNG-tests-2] INFO  testCases.TC001_AccountRegistrationTest - ********Starting TC001_AccountRegistrationTest **********
2025-01-14 17:07:48 [TestNG-tests-2] ERROR testCases.TC001_AccountRegistrationTest - Test failed
2025-01-14 17:07:50 [TestNG-tests-1] ERROR testCases.TC001_AccountRegistrationTest - Test failed
2025-01-14 17:33:02 [TestNG-tests-1] INFO  testCases.TC001_AccountRegistrationTest - ********Starting TC001_AccountRegistrationTest **********
2025-01-14 17:33:02 [TestNG-tests-2] INFO  testCases.TC001_AccountRegistrationTest - ********Starting TC001_AccountRegistrationTest **********
2025-01-14 17:57:03 [main] INFO  testCases.TC003_LoginOrangeHRMTest - ******Starting Orange HRM login Test********
2025-01-14 17:57:03 [main] INFO  testCases.TC003_LoginOrangeHRMTest - Clicked on login button
2025-01-14 18:00:05 [main] INFO  testCases.TC003_LoginOrangeHRMTest - ******Starting Orange HRM login Test********
2025-01-14 18:00:15 [main] INFO  testCases.TC003_LoginOrangeHRMTest - Clicked on login button
2025-01-14 18:01:22 [main] INFO  testCases.TC003_LoginOrangeHRMTest - ******Starting Orange HRM login Test********
2025-01-14 18:01:32 [main] INFO  testCases.TC003_LoginOrangeHRMTest - Clicked on login button
2025-01-14 18:01:34 [main] INFO  testCases.TC003_LoginOrangeHRMTest - Login Success
2025-01-14 18:01:34 [main] INFO  testCases.TC003_LoginOrangeHRMTest - ******Finished Orange HRM login Test********
2025-01-14 20:32:44 [main] INFO  testCases.DDTest - ******Starting Orange HRM DD login Test********
2025-01-14 20:32:54 [main] INFO  testCases.DDTest - Clicked on login button
2025-01-14 20:33:47 [main] INFO  testCases.DDTest - ******Starting Orange HRM DD login Test********
2025-01-14 20:33:58 [main] INFO  testCases.DDTest - Clicked on login button
2025-01-14 20:34:05 [main] INFO  testCases.DDTest - Login success Validation passed
2025-01-14 20:34:05 [main] INFO  testCases.DDTest - ******Starting Orange HRM DD login Test********
2025-01-14 20:34:15 [main] INFO  testCases.DDTest - Clicked on login button
2025-01-14 20:34:25 [main] INFO  testCases.DDTest - Login failed Validation success
2025-01-14 20:34:25 [main] INFO  testCases.DDTest - ******Starting Orange HRM DD login Test********
2025-01-14 20:34:35 [main] INFO  testCases.DDTest - Clicked on login button
2025-01-14 20:34:45 [main] INFO  testCases.DDTest - Login failed Validation success
2025-01-14 20:34:45 [main] INFO  testCases.DDTest - ******Starting Orange HRM DD login Test********
2025-01-14 20:34:54 [main] INFO  testCases.DDTest - Clicked on login button
2025-01-14 20:35:03 [main] INFO  testCases.DDTest - Login success Validation passed
2025-01-14 21:13:52 [main] INFO  testCases.TC003_LoginOrangeHRMTest - ******Starting Orange HRM login Test********
2025-01-14 21:14:03 [main] INFO  testCases.TC003_LoginOrangeHRMTest - Clicked on login button
2025-01-14 21:14:03 [main] INFO  testCases.TC003_LoginOrangeHRMTest - Login Success
2025-01-14 21:14:03 [main] INFO  testCases.TC003_LoginOrangeHRMTest - ******Finished Orange HRM login Test********
2025-01-14 21:14:18 [main] INFO  testCases.TC004_ValidateOrangeHRMDashboard - ******Starting Orange HRM login Test********
2025-01-14 21:14:28 [main] INFO  testCases.TC004_ValidateOrangeHRMDashboard - Clicked on login button
2025-01-14 21:14:29 [main] INFO  testCases.TC004_ValidateOrangeHRMDashboard - Login Success
2025-01-14 21:14:31 [main] INFO  testCases.TC004_ValidateOrangeHRMDashboard - ******Finished Orange HRM login Test********
2025-01-14 21:15:27 [main] INFO  testCases.DDTest - ******Starting Orange HRM DD login Test********
2025-01-14 21:15:36 [main] INFO  testCases.DDTest - Clicked on login button
2025-01-14 21:15:46 [main] INFO  testCases.DDTest - Login success Validation passed
2025-01-14 21:15:46 [main] INFO  testCases.DDTest - ******Starting Orange HRM DD login Test********
2025-01-14 21:15:55 [main] INFO  testCases.DDTest - Clicked on login button
2025-01-14 21:16:07 [main] INFO  testCases.DDTest - Login failed Validation success
2025-01-14 21:16:07 [main] INFO  testCases.DDTest - ******Starting Orange HRM DD login Test********
2025-01-14 21:16:16 [main] INFO  testCases.DDTest - Clicked on login button
2025-01-14 21:16:27 [main] INFO  testCases.DDTest - Login failed Validation success
2025-01-14 21:16:27 [main] INFO  testCases.DDTest - ******Starting Orange HRM DD login Test********
2025-01-14 21:16:37 [main] INFO  testCases.DDTest - Clicked on login button
2025-01-14 21:16:46 [main] INFO  testCases.DDTest - Login success Validation passed
2025-01-14 21:17:01 [main] INFO  testCases.TC003_LoginOrangeHRMTest - ******Starting Orange HRM login Test********
2025-01-14 21:17:11 [main] INFO  testCases.TC003_LoginOrangeHRMTest - Clicked on login button
2025-01-14 21:17:13 [main] INFO  testCases.TC003_LoginOrangeHRMTest - Login Success
2025-01-14 21:17:13 [main] INFO  testCases.TC003_LoginOrangeHRMTest - ******Finished Orange HRM login Test********
2025-01-14 21:17:27 [main] INFO  testCases.TC004_ValidateOrangeHRMDashboard - ******Starting Orange HRM login Test********
2025-01-14 21:17:38 [main] INFO  testCases.TC004_ValidateOrangeHRMDashboard - Clicked on login button
2025-01-14 21:17:38 [main] INFO  testCases.TC004_ValidateOrangeHRMDashboard - Login Success
2025-01-14 21:17:41 [main] INFO  testCases.TC004_ValidateOrangeHRMDashboard - ******Finished Orange HRM login Test********
2025-01-14 23:20:09 [main] INFO  testCases.TC003_LoginOrangeHRMTest - ******Starting Orange HRM login Test********
2025-01-14 23:20:20 [main] INFO  testCases.TC003_LoginOrangeHRMTest - Clicked on login button
2025-01-14 23:20:20 [main] INFO  testCases.TC003_LoginOrangeHRMTest - Login Success
2025-01-14 23:20:20 [main] INFO  testCases.TC003_LoginOrangeHRMTest - ******Finished Orange HRM login Test********
2025-01-14 23:51:53 [main] INFO  testCases.TC003_LoginOrangeHRMTest - ******Starting Orange HRM login Test********
2025-01-14 23:52:06 [main] ERROR testCases.TC003_LoginOrangeHRMTest - error..
2025-01-14 23:55:41 [main] INFO  testCases.TC003_LoginOrangeHRMTest - ******Starting Orange HRM login Test********
2025-01-14 23:55:54 [main] ERROR testCases.TC003_LoginOrangeHRMTest - error..
2025-01-15 00:07:39 [main] INFO  testCases.TC003_LoginOrangeHRMTest - ******Starting Orange HRM login Test********
2025-01-15 00:07:50 [main] INFO  testCases.TC003_LoginOrangeHRMTest - Clicked on login button
2025-01-15 00:07:51 [main] INFO  testCases.TC003_LoginOrangeHRMTest - Login Success
2025-01-15 00:07:51 [main] INFO  testCases.TC003_LoginOrangeHRMTest - ******Finished Orange HRM login Test********
2025-01-15 00:08:37 [main] INFO  testCases.TC003_LoginOrangeHRMTest - ******Starting Orange HRM login Test********
2025-01-15 00:08:48 [main] INFO  testCases.TC003_LoginOrangeHRMTest - Clicked on login button
2025-01-15 00:12:21 [main] INFO  testCases.DDTest - ******Starting Orange HRM DD login Test********
2025-01-15 00:12:33 [main] INFO  testCases.DDTest - Clicked on login button
2025-01-15 00:12:41 [main] INFO  testCases.DDTest - Login success Validation passed
2025-01-15 00:12:41 [main] INFO  testCases.DDTest - ******Starting Orange HRM DD login Test********
2025-01-15 00:12:52 [main] INFO  testCases.DDTest - Clicked on login button
2025-01-15 00:13:03 [main] INFO  testCases.DDTest - Login failed Validation success
2025-01-15 00:13:03 [main] INFO  testCases.DDTest - ******Starting Orange HRM DD login Test********
2025-01-15 00:13:12 [main] INFO  testCases.DDTest - Clicked on login button
2025-01-15 00:13:24 [main] INFO  testCases.DDTest - Login failed Validation success
2025-01-15 00:13:24 [main] INFO  testCases.DDTest - ******Starting Orange HRM DD login Test********
2025-01-15 00:13:35 [main] INFO  testCases.DDTest - Clicked on login button
2025-01-15 00:13:43 [main] INFO  testCases.DDTest - Login success Validation passed
2025-01-15 00:14:00 [main] INFO  testCases.TC003_LoginOrangeHRMTest - ******Starting Orange HRM login Test********
2025-01-15 00:14:11 [main] INFO  testCases.TC003_LoginOrangeHRMTest - Clicked on login button
2025-01-15 00:14:39 [main] INFO  testCases.TC004_ValidateOrangeHRMDashboard - ******Starting Orange HRM login Test********
2025-01-15 00:14:51 [main] INFO  testCases.TC004_ValidateOrangeHRMDashboard - Clicked on login button
2025-01-15 00:23:21 [main] INFO  testCases.TC004_ValidateOrangeHRMDashboard - ******Starting Orange HRM login Test********
2025-01-15 00:23:32 [main] INFO  testCases.TC004_ValidateOrangeHRMDashboard - Clicked on login button
2025-01-15 00:24:02 [main] INFO  testCases.TC003_LoginOrangeHRMTest - ******Starting Orange HRM login Test********
2025-01-15 00:24:13 [main] INFO  testCases.TC003_LoginOrangeHRMTest - Clicked on login button
2025-01-15 02:12:14 [main] INFO  testCases.TC003_LoginOrangeHRMTest - ******Starting Orange HRM login Test********
2025-01-15 02:12:30 [main] INFO  testCases.TC003_LoginOrangeHRMTest - Clicked on login button
2025-01-15 02:12:31 [main] INFO  testCases.TC003_LoginOrangeHRMTest - Login Success
2025-01-15 02:12:31 [main] INFO  testCases.TC003_LoginOrangeHRMTest - ******Finished Orange HRM login Test********
2025-01-15 02:13:33 [main] INFO  testCases.TC003_LoginOrangeHRMTest - ******Starting Orange HRM login Test********
2025-01-15 02:13:49 [main] INFO  testCases.TC003_LoginOrangeHRMTest - Clicked on login button
2025-01-15 02:13:50 [main] INFO  testCases.TC003_LoginOrangeHRMTest - Login Success
2025-01-15 02:13:50 [main] INFO  testCases.TC003_LoginOrangeHRMTest - ******Finished Orange HRM login Test********
2025-01-15 02:17:02 [TestNG-tests-1] INFO  testCases.TC003_LoginOrangeHRMTest - ******Starting Orange HRM login Test********
2025-01-15 02:17:04 [TestNG-tests-2] INFO  testCases.TC003_LoginOrangeHRMTest - ******Starting Orange HRM login Test********
2025-01-15 02:17:14 [TestNG-tests-1] INFO  testCases.TC003_LoginOrangeHRMTest - Clicked on login button
2025-01-15 02:19:42 [main] INFO  testCases.TC003_LoginOrangeHRMTest - ******Starting Orange HRM login Test********
2025-01-15 02:19:58 [main] INFO  testCases.TC003_LoginOrangeHRMTest - Clicked on login button
2025-01-15 02:19:59 [main] INFO  testCases.TC003_LoginOrangeHRMTest - Login Success
2025-01-15 02:19:59 [main] INFO  testCases.TC003_LoginOrangeHRMTest - ******Finished Orange HRM login Test********
2025-01-15 02:21:32 [main] INFO  testCases.TC003_LoginOrangeHRMTest - ******Starting Orange HRM login Test********
2025-01-15 02:21:42 [main] INFO  testCases.TC003_LoginOrangeHRMTest - Clicked on login button
2025-01-15 02:21:48 [main] INFO  testCases.TC003_LoginOrangeHRMTest - Login Success
2025-01-15 02:21:48 [main] INFO  testCases.TC003_LoginOrangeHRMTest - ******Finished Orange HRM login Test********
2025-01-15 04:34:59 [main] INFO  testCases.TC003_LoginOrangeHRMTest - ******Starting Orange HRM login Test********
2025-01-15 04:35:10 [main] INFO  testCases.TC003_LoginOrangeHRMTest - Clicked on login button
2025-01-15 04:35:10 [main] INFO  testCases.TC003_LoginOrangeHRMTest - Login Success
2025-01-15 04:35:10 [main] INFO  testCases.TC003_LoginOrangeHRMTest - ******Finished Orange HRM login Test********
2025-01-15 10:33:32 [main] INFO  testCases.TC003_LoginOrangeHRMTest - ******Starting Orange HRM login Test********
2025-01-15 10:33:42 [main] INFO  testCases.TC003_LoginOrangeHRMTest - Clicked on login button
2025-01-15 10:33:43 [main] INFO  testCases.TC003_LoginOrangeHRMTest - Login Success
2025-01-15 10:33:43 [main] INFO  testCases.TC003_LoginOrangeHRMTest - ******Finished Orange HRM login Test********
2025-01-15 11:43:31 [main] INFO  testCases.TC003_LoginOrangeHRMTest - ******Starting Orange HRM login Test********
2025-01-15 11:43:42 [main] INFO  testCases.TC003_LoginOrangeHRMTest - Clicked on login button
2025-01-15 11:43:43 [main] INFO  testCases.TC003_LoginOrangeHRMTest - Login Success
2025-01-15 11:43:43 [main] INFO  testCases.TC003_LoginOrangeHRMTest - ******Finished Orange HRM login Test********
2025-01-15 11:50:52 [main] INFO  testCases.TC003_LoginOrangeHRMTest - ******Starting Orange HRM login Test********
2025-01-15 11:51:02 [main] INFO  testCases.TC003_LoginOrangeHRMTest - Clicked on login button
2025-01-15 11:51:04 [main] INFO  testCases.TC003_LoginOrangeHRMTest - Login Success
2025-01-15 11:51:04 [main] INFO  testCases.TC003_LoginOrangeHRMTest - ******Finished Orange HRM login Test********
